<?xml version="1.0" encoding="UTF-8" ?>
<testsuites>
  <testsuite errors="0" failures="0" hostname="SKY-20141205VUY" id="0" name="ParametersTest" package="test" skipped="0" tests="3" time="0.046" timestamp="2015-11-04T01:52:14">
      <properties>
[...]
</properties>

      <testcase classname="test.ParametersTest" name="testAdd_Excel[1, 1, 2]" time="0.001" />

      <testcase classname="test.ParametersTest" name="testAdd_Excel[1, 1, 2]" time="0.001" />

      <testcase classname="test.ParametersTest" name="testAdd_Excel[1, 1, 2]" time="0.0" />

      <system-out><![CDATA[2
6
10
]]></system-out>

      <system-err><![CDATA[]]></system-err>

  </testsuite>
</testsuites>
